Build started 11/7/2016 22:38:54.
     1>Project "C:\Users\Tae-Ik\Google Drive\graduation\project\local repository\2016-graduation-project\graduation\graduation\graduation.vcxproj" on node 2 (Build target(s)).
     1>ClCompile:
         C:\Program Files (x86)\Microsoft Visual Studio 12.0\VC\bin\x86_amd64\CL.exe /c /I.\GeneratedFiles /I. /IC:\Qt\Qt5.7.0\5.7\msvc2013_64\include /I.\GeneratedFiles\Debug /IC:\Qt\Qt5.7.0\5.7\msvc2013_64\include\QtCore /IC:\Qt\Qt5.7.0\5.7\msvc2013_64\include\QtGui /IC:\Qt\Qt5.7.0\5.7\msvc2013_64\include\QtWidgets /IC:\opencv\build\include /Zi /nologo /W1 /WX- /Od /D UNICODE /D WIN32 /D WIN64 /D QT_DLL /D QT_CORE_LIB /D QT_GUI_LIB /D QT_WIDGETS_LIB /D _UNICODE /D UNICODE /Gm- /EHsc /MDd /GS /fp:precise /Zc:wchar_t /Zc:forScope /Fo"x64\Debug\\" /Fd"x64\Debug\vc120.pdb" /Gd /TP /errorReport:prompt MainWindow.cpp
         MainWindow.cpp
       Link:
         C:\Program Files (x86)\Microsoft Visual Studio 12.0\VC\bin\x86_amd64\link.exe /ERRORREPORT:PROMPT /OUT:"C:\Users\Tae-Ik\Google Drive\graduation\project\local repository\2016-graduation-project\graduation\x64\Debug\\graduation.exe" /NOLOGO /LIBPATH:C:\Qt\Qt5.7.0\5.7\msvc2013_64\lib /LIBPATH:C:\opencv\build\x64\vc12\lib qtmaind.lib Qt5Cored.lib Qt5Guid.lib Qt5Widgetsd.lib Qt5Multimediad.lib Qt5Chartsd.lib opencv_calib3d2413d.lib opencv_contrib2413d.lib opencv_core2413d.lib opencv_features2d2413d.lib opencv_flann2413d.lib opencv_gpu2413d.lib opencv_highgui2413d.lib opencv_imgproc2413d.lib opencv_legacy2413d.lib opencv_ml2413d.lib opencv_nonfree2413d.lib opencv_objdetect2413d.lib opencv_ocl2413d.lib opencv_photo2413d.lib opencv_stitching2413d.lib opencv_superres2413d.lib opencv_ts2413d.lib opencv_video2413d.lib opencv_videostab2413d.lib kernel32.lib user32.lib gdi32.lib winspool.lib comdlg32.lib advapi32.lib shell32.lib ole32.lib oleaut32.lib uuid.lib odbc32.lib odbccp32.lib /MANIFEST /MANIFESTUAC:"level='asInvoker' uiAccess='false'" /manifest:embed /DEBUG /PDB:"C:\Users\Tae-Ik\Google Drive\graduation\project\local repository\2016-graduation-project\graduation\x64\Debug\graduation.pdb" /SUBSYSTEM:WINDOWS /TLBID:1 /DYNAMICBASE /NXCOMPAT /IMPLIB:"C:\Users\Tae-Ik\Google Drive\graduation\project\local repository\2016-graduation-project\graduation\x64\Debug\graduation.lib" /MACHINE:X64 x64\Debug\Alert.obj
         x64\Debug\chart.obj
         x64\Debug\chartView.obj
         x64\Debug\HandOnFaceDetection.obj
         x64\Debug\TurtleNeckDetection.obj
         x64\Debug\TwistedBackDetection.obj
         x64\Debug\moc_chart.obj
         x64\Debug\moc_MainWindow.obj
         x64\Debug\moc_Player.obj
         x64\Debug\qrc_graduation.obj
         x64\Debug\KinectCamData.obj
         x64\Debug\KinectManager.obj
         x64\Debug\MainWindow.obj
         x64\Debug\main.obj
         x64\Debug\Player.obj
         x64\Debug\Record.obj
         graduation.vcxproj -> C:\Users\Tae-Ik\Google Drive\graduation\project\local repository\2016-graduation-project\graduation\x64\Debug\graduation.exe
     1>Done Building Project "C:\Users\Tae-Ik\Google Drive\graduation\project\local repository\2016-graduation-project\graduation\graduation\graduation.vcxproj" (Build target(s)).

Build succeeded.

Time Elapsed 00:00:03.60
