Build started 11/11/2016 10:26:13.
     1>Project "C:\Users\Tae-Ik\Google Drive\graduation\project\local repository\2016-graduation-project\graduation\graduation\graduation.vcxproj" on node 2 (Build target(s)).
     1>ClCompile:
         C:\Program Files (x86)\Microsoft Visual Studio 12.0\VC\bin\x86_amd64\CL.exe /c /I.\GeneratedFiles /I. /IC:\Qt\Qt5.7.0\5.7\msvc2013_64\include /I.\GeneratedFiles\Release /IC:\Qt\Qt5.7.0\5.7\msvc2013_64\include\QtCore /IC:\Qt\Qt5.7.0\5.7\msvc2013_64\include\QtGui /IC:\Qt\Qt5.7.0\5.7\msvc2013_64\include\QtWidgets /IC:\opencv\build\include /nologo /W1 /WX- /O2 /D UNICODE /D WIN32 /D WIN64 /D QT_DLL /D QT_NO_DEBUG /D NDEBUG /D QT_CORE_LIB /D QT_GUI_LIB /D QT_WIDGETS_LIB /Gm- /EHsc /MD /GS /fp:precise /Zc:wchar_t /Zc:forScope /Fo"x64\Release\\" /Fd"x64\Release\vc120.pdb" /Gd /TP /errorReport:prompt detection\HandOnFaceDetection.cpp
         HandOnFaceDetection.cpp
       Link:
         C:\Program Files (x86)\Microsoft Visual Studio 12.0\VC\bin\x86_amd64\link.exe /ERRORREPORT:PROMPT /OUT:"C:\Users\Tae-Ik\Google Drive\graduation\project\local repository\2016-graduation-project\graduation\x64\Release\\graduation.exe" /NOLOGO /LIBPATH:C:\Qt\Qt5.7.0\5.7\msvc2013_64\lib /LIBPATH:C:\opencv\build\x64\vc12\lib qtmain.lib Qt5Core.lib Qt5Gui.lib Qt5Widgets.lib Qt5Multimedia.lib Qt5Charts.lib opencv_calib3d2413.lib opencv_contrib2413.lib opencv_core2413.lib opencv_features2d2413.lib opencv_flann2413.lib opencv_gpu2413.lib opencv_highgui2413.lib opencv_imgproc2413.lib opencv_legacy2413.lib opencv_ml2413.lib opencv_nonfree2413.lib opencv_objdetect2413.lib opencv_ocl2413.lib opencv_photo2413.lib opencv_stitching2413.lib opencv_superres2413.lib opencv_ts2413.lib opencv_video2413.lib opencv_videostab2413.lib kernel32.lib user32.lib gdi32.lib winspool.lib comdlg32.lib advapi32.lib shell32.lib ole32.lib oleaut32.lib uuid.lib odbc32.lib odbccp32.lib /MANIFEST /MANIFESTUAC:"level='asInvoker' uiAccess='false'" /manifest:embed /PDB:"C:\Users\Tae-Ik\Google Drive\graduation\project\local repository\2016-graduation-project\graduation\x64\Release\graduation.pdb" /SUBSYSTEM:WINDOWS /TLBID:1 /DYNAMICBASE /NXCOMPAT /IMPLIB:"C:\Users\Tae-Ik\Google Drive\graduation\project\local repository\2016-graduation-project\graduation\x64\Release\graduation.lib" /MACHINE:X64 x64\Release\Alert.obj
         x64\Release\chart.obj
         x64\Release\chartView.obj
         x64\Release\HandOnFaceDetection.obj
         x64\Release\TurtleNeckDetection.obj
         x64\Release\TwistedBackDetection.obj
         x64\Release\qrc_graduation.obj
         x64\Release\moc_chart.obj
         x64\Release\moc_MainWindow.obj
         x64\Release\moc_Player.obj
         x64\Release\KinectCamData.obj
         x64\Release\KinectManager.obj
         x64\Release\MainWindow.obj
         x64\Release\main.obj
         x64\Release\Player.obj
         x64\Release\Record.obj
         graduation.vcxproj -> C:\Users\Tae-Ik\Google Drive\graduation\project\local repository\2016-graduation-project\graduation\x64\Release\graduation.exe
     1>Done Building Project "C:\Users\Tae-Ik\Google Drive\graduation\project\local repository\2016-graduation-project\graduation\graduation\graduation.vcxproj" (Build target(s)).

Build succeeded.

Time Elapsed 00:00:02.67
